================================================================================
AGUR Disk Usage Monitor - 2026-01-13 17:00:06
================================================================================
Checking shared infrastructure paths...
  AGUR Release Area: /home/agur_backend_blockRelease/
    [WARNING] 86% used (80% warning already sent, waiting for 90%)
  PFNL Unit DB: /home/PFNL_Unit_DB/
    [OK] 13% used (below 80%)

Checking 72 units...

[CRITICAL] ccoree          (HPORT     ) - 91% used | Owner: ykatzav
[CRITICAL] dqaa            (QNS       ) - 97% used | Owner: siddharthasa
[CRITICAL] dqaci           (QNS       ) - 97% used | Owner: siddharthasa
[CRITICAL] dqamco          (QNS       ) - 97% used | Owner: siddharthasa
[CRITICAL] dqamdo          (QNS       ) - 96% used | Owner: abarman
[CRITICAL] dqavi           (QNS       ) - 96% used | Owner: abarman
[CRITICAL] dqax            (QNS       ) - 91% used | Owner: hmendelovich
[CRITICAL] dqs             (QNS       ) - 96% used | Owner: abarman
[CRITICAL] qcorel          (QNS       ) - 91% used | Owner: hmendelovich
[CRITICAL] qcorer          (QNS       ) - 91% used | Owner: hmendelovich

Grouping by owner...
  ykatzav: 1 unit(s)
  siddharthasa: 3 unit(s)
  abarman: 3 unit(s)
  hmendelovich: 3 unit(s)

Building disk summaries and scanning for old workareas...
  Scanning /home/scratch.ykatzav_vlsi_1 for old workareas...
    -> Found 1 old workarea(s): 745G
  Scanning /home/scratch.siddharthasa_vlsi for old workareas...
    -> Found 3 old workarea(s): 602G, 538G, 472G
  Scanning /home/scratch.abarman_vlsi_2 for old workareas...
    -> No old workareas found (>30 days)
  Scanning /home/scratch.hmendelovich_vlsi_1 for old workareas...
    -> No old workareas found (>30 days)

Sending emails...
[EMAIL] Sent to ykatzav@nvidia.com (1 unit(s))
[EMAIL] Sent to siddharthasa@nvidia.com (3 unit(s))
[EMAIL] Sent to abarman@nvidia.com (3 unit(s))
[EMAIL] Sent to hmendelovich@nvidia.com (3 unit(s))

================================================================================
SUMMARY:
  Shared Infrastructure:
    AGUR Release Area: 86% [WARNING SENT]
    PFNL Unit DB: 13% [OK]
  Total units checked: 72
  Critical units (>=90%): 10
  Unique owners: 4
  Emails sent: 4 successful, 0 failed
  Execution time: 119.4 seconds
================================================================================
