================================================================================
AGUR Disk Usage Monitor - 2025-11-07 07:00:04
================================================================================
Checking 73 units...

[CRITICAL] ccorea          (HPORT     ) - 94% used | Owner: arcohen
[CRITICAL] ccoreb          (HPORT     ) - 94% used | Owner: arcohen
[CRITICAL] cscore          (NDQ       ) - 91% used | Owner: ynaim
[CRITICAL] glc             (NDQ       ) - 93% used | Owner: ynaim
[CRITICAL] pscc            (NDQ       ) - 92% used | Owner: dtraitelovic
[CRITICAL] ribs            (NDQ       ) - 93% used | Owner: ynaim
[CRITICAL] dqamdi          (QNS       ) - 90% used | Owner: seeman
[CRITICAL] eds             (QNS       ) - 94% used | Owner: eelgabsi
[CRITICAL] qcorel          (QNS       ) - 91% used | Owner: ronil
[CRITICAL] qcorer          (QNS       ) - 91% used | Owner: ronil
[CRITICAL] bta             (TCB       ) - 99% used | Owner: vliberchuk

Grouping by owner...
  arcohen: 2 unit(s)
  ynaim: 3 unit(s)
  dtraitelovic: 1 unit(s)
  seeman: 1 unit(s)
  eelgabsi: 1 unit(s)
  ronil: 2 unit(s)
  vliberchuk: 1 unit(s)

Sending emails...
[EMAIL] Sent to arcohen@nvidia.com (2 unit(s))
[EMAIL] Sent to ynaim@nvidia.com (3 unit(s))
[EMAIL] Sent to dtraitelovic@nvidia.com (1 unit(s))
[EMAIL] Sent to seeman@nvidia.com (1 unit(s))
[EMAIL] Sent to eelgabsi@nvidia.com (1 unit(s))
[EMAIL] Sent to ronil@nvidia.com (2 unit(s))
[EMAIL] Sent to vliberchuk@nvidia.com (1 unit(s))

================================================================================
SUMMARY:
  Total units checked: 73
  Critical units (>=90%): 11
  Unique owners: 7
  Emails sent: 7 successful, 0 failed
  Execution time: 49.9 seconds
================================================================================
