================================================================================
AGUR Disk Usage Monitor - 2025-11-12 07:00:05
================================================================================
Checking central block release area: /home/agur_backend_blockRelease/
[CRITICAL] Central block release area: 96% used
[EMAIL] Central release alert sent to avice@nvidia.com

Checking 73 units...

[CRITICAL] pscc            (NDQ       ) - 97% used | Owner: dtraitelovic
[CRITICAL] dqamdi          (QNS       ) - 94% used | Owner: seeman
[CRITICAL] dqamdo          (QNS       ) - 94% used | Owner: abarman
[CRITICAL] dqavi           (QNS       ) - 94% used | Owner: abarman
[CRITICAL] dqs             (QNS       ) - 94% used | Owner: abarman
[CRITICAL] qcorel          (QNS       ) - 92% used | Owner: ronil
[CRITICAL] qcorer          (QNS       ) - 92% used | Owner: ronil

Grouping by owner...
  dtraitelovic: 1 unit(s)
  seeman: 1 unit(s)
  abarman: 3 unit(s)
  ronil: 2 unit(s)

Sending emails...
[EMAIL] Sent to dtraitelovic@nvidia.com (1 unit(s))
[EMAIL] Sent to seeman@nvidia.com (1 unit(s))
[EMAIL] Sent to abarman@nvidia.com (3 unit(s))
[EMAIL] Sent to ronil@nvidia.com (2 unit(s))

================================================================================
SUMMARY:
  Central block release: 96% used [ALERT SENT]
  Total units checked: 73
  Critical units (>=90%): 7
  Unique owners: 4
  Emails sent: 5 successful, 0 failed
  Execution time: 45.8 seconds
================================================================================
