================================================================================
AGUR Disk Usage Monitor - 2025-12-25 07:00:07
================================================================================
Checking central block release area: /home/agur_backend_blockRelease/
[OK] Central block release area: 63% used (below threshold)

Checking 73 units...

[CRITICAL] fwas            (NDQ       ) - 94% used | Owner: ronil
[CRITICAL] dqaa            (QNS       ) - 91% used | Owner: siddharthasa
[CRITICAL] dqai            (QNS       ) - 92% used | Owner: mlanzerer
[CRITICAL] dqamci          (QNS       ) - 92% used | Owner: mlanzerer
[CRITICAL] dqamco          (QNS       ) - 91% used | Owner: siddharthasa

Grouping by owner...
  ronil: 1 unit(s)
  siddharthasa: 2 unit(s)
  mlanzerer: 2 unit(s)

Building disk summaries and scanning for old workareas...
  Scanning /home/scratch.ronil_vlsi_1 for old workareas...
    -> No old workareas found (>40 days)
  Scanning /home/scratch.siddharthasa_vlsi for old workareas...
    -> No old workareas found (>40 days)
  Scanning /home/scratch.mlanzerer_vlsi for old workareas...
    -> No old workareas found (>40 days)

Sending emails...
[EMAIL] Sent to ronil@nvidia.com (1 unit(s))
[EMAIL] Sent to siddharthasa@nvidia.com (2 unit(s))
[EMAIL] Sent to mlanzerer@nvidia.com (2 unit(s))

================================================================================
SUMMARY:
  Central block release: 63% used [OK]
  Total units checked: 73
  Critical units (>=90%): 5
  Unique owners: 3
  Emails sent: 3 successful, 0 failed
  Execution time: 22.0 seconds
================================================================================
