================================================================================
AGUR Disk Usage Monitor - 2026-01-14 17:00:06
================================================================================
Checking shared infrastructure paths...
  AGUR Release Area: /home/agur_backend_blockRelease/
    [WARNING] 87% used (80% warning already sent, waiting for 90%)
  PFNL Unit DB: /home/PFNL_Unit_DB/
    [OK] 14% used (below 80%)

Checking 72 units...

[CRITICAL] lnd             (CPORT     ) - 94% used | Owner: shlomoc
[CRITICAL] fwas            (NDQ       ) - 90% used | Owner: ronil
[CRITICAL] lndm            (NDQ       ) - 94% used | Owner: shlomoc
[CRITICAL] yu              (NDQ       ) - 91% used | Owner: ashahock
[CRITICAL] dqaa            (QNS       ) - 94% used | Owner: siddharthasa
[CRITICAL] dqaci           (QNS       ) - 94% used | Owner: siddharthasa
[CRITICAL] dqamco          (QNS       ) - 94% used | Owner: siddharthasa
[CRITICAL] dqap            (QNS       ) - 97% used | Owner: drazmizrahi
[CRITICAL] bta             (TCB       ) - 94% used | Owner: vliberchuk

Grouping by owner...
  shlomoc: 2 unit(s)
  ronil: 1 unit(s)
  ashahock: 1 unit(s)
  siddharthasa: 3 unit(s)
  drazmizrahi: 1 unit(s)
  vliberchuk: 1 unit(s)

Building disk summaries and scanning for old workareas...
  Scanning /home/scratch.shlomoc_vlsi_1 for old workareas...
    -> No old workareas found (>30 days)
  Scanning /home/scratch.ronil_vlsi_1 for old workareas...
    -> No old workareas found (>30 days)
  Scanning /home/scratch.ashahock_vlsi for old workareas...
    -> Found 1 old workarea(s): 18G
  Scanning /home/scratch.siddharthasa_vlsi for old workareas...
    -> Found 3 old workarea(s): 602G, 538G, 472G
  Scanning /home/scratch.drazmizrahi_vlsi_1 for old workareas...
    -> No old workareas found (>30 days)
  Scanning /home/scratch.vliberchuk_vlsi_1 for old workareas...
    -> No old workareas found (>30 days)

Sending emails...
[EMAIL] Sent to shlomoc@nvidia.com (2 unit(s))
[EMAIL] Sent to ronil@nvidia.com (1 unit(s))
[EMAIL] Sent to ashahock@nvidia.com (1 unit(s))
[EMAIL] Sent to siddharthasa@nvidia.com (3 unit(s))
[EMAIL] Sent to drazmizrahi@nvidia.com (1 unit(s))
[EMAIL] Sent to vliberchuk@nvidia.com (1 unit(s))

================================================================================
SUMMARY:
  Shared Infrastructure:
    AGUR Release Area: 87% [WARNING SENT]
    PFNL Unit DB: 14% [OK]
  Total units checked: 72
  Critical units (>=90%): 9
  Unique owners: 6
  Emails sent: 6 successful, 0 failed
  Execution time: 88.4 seconds
================================================================================
