================================================================================
AGUR Disk Usage Monitor - 2025-12-16 07:00:07
================================================================================
Checking central block release area: /home/agur_backend_blockRelease/
[OK] Central block release area: 60% used (below threshold)

Checking 73 units...

[CRITICAL] fth             (CPORT     ) - 93% used | Owner: lmustafa
[CRITICAL] lnd             (CPORT     ) - 91% used | Owner: shlomoc
[CRITICAL] lndm            (NDQ       ) - 91% used | Owner: shlomoc
[CRITICAL] sma             (NDQ       ) - 91% used | Owner: shlomoc
[CRITICAL] dql             (QNS       ) - 100% used | Owner: aazran
[CRITICAL] eds             (QNS       ) - 95% used | Owner: nwasserman

Grouping by owner...
  lmustafa: 1 unit(s)
  shlomoc: 3 unit(s)
  aazran: 1 unit(s)
  nwasserman: 1 unit(s)

Sending emails...
[EMAIL] Sent to lmustafa@nvidia.com (1 unit(s))
[EMAIL] Sent to shlomoc@nvidia.com (3 unit(s))
[EMAIL] Sent to aazran@nvidia.com (1 unit(s))
[EMAIL] Sent to nwasserman@nvidia.com (1 unit(s))

================================================================================
SUMMARY:
  Central block release: 60% used [OK]
  Total units checked: 73
  Critical units (>=90%): 6
  Unique owners: 4
  Emails sent: 4 successful, 0 failed
  Execution time: 19.6 seconds
================================================================================
