================================================================================
AGUR Disk Usage Monitor - 2025-11-24 07:00:03
================================================================================
Checking central block release area: /home/agur_backend_blockRelease/
[OK] Central block release area: 54% used (below threshold)

Checking 73 units...

[CRITICAL] glc             (NDQ       ) - 93% used | Owner: ynaim
[CRITICAL] pscc            (NDQ       ) - 90% used | Owner: dtraitelovic
[CRITICAL] ribs            (NDQ       ) - 93% used | Owner: ynaim
[CRITICAL] dqamdi          (QNS       ) - 90% used | Owner: seeman
[CRITICAL] dqamdo          (QNS       ) - 91% used | Owner: abarman
[CRITICAL] dqavi           (QNS       ) - 91% used | Owner: abarman
[CRITICAL] dql             (QNS       ) - 98% used | Owner: aazran
[CRITICAL] dqs             (QNS       ) - 91% used | Owner: abarman
[CRITICAL] eds             (QNS       ) - 92% used | Owner: eelgabsi
[CRITICAL] qcorer          (QNS       ) - 94% used | Owner: ronil

Grouping by owner...
  ynaim: 2 unit(s)
  dtraitelovic: 1 unit(s)
  seeman: 1 unit(s)
  abarman: 3 unit(s)
  aazran: 1 unit(s)
  eelgabsi: 1 unit(s)
  ronil: 1 unit(s)

Sending emails...
[EMAIL] Sent to ynaim@nvidia.com (2 unit(s))
[EMAIL] Sent to dtraitelovic@nvidia.com (1 unit(s))
[EMAIL] Sent to seeman@nvidia.com (1 unit(s))
[EMAIL] Sent to abarman@nvidia.com (3 unit(s))
[EMAIL] Sent to aazran@nvidia.com (1 unit(s))
[EMAIL] Sent to eelgabsi@nvidia.com (1 unit(s))
[EMAIL] Sent to ronil@nvidia.com (1 unit(s))

================================================================================
SUMMARY:
  Central block release: 54% used [OK]
  Total units checked: 73
  Critical units (>=90%): 10
  Unique owners: 7
  Emails sent: 7 successful, 0 failed
  Execution time: 27.8 seconds
================================================================================
