================================================================================
AGUR Disk Usage Monitor - 2025-12-08 07:00:06
================================================================================
Checking central block release area: /home/agur_backend_blockRelease/
[OK] Central block release area: 58% used (below threshold)

Checking 73 units...

[CRITICAL] fth             (CPORT     ) - 93% used | Owner: lmustafa
[CRITICAL] ccorea          (HPORT     ) - 93% used | Owner: arcohen
[CRITICAL] ccoreb          (HPORT     ) - 93% used | Owner: arcohen
[CRITICAL] cscore          (NDQ       ) - 91% used | Owner: ynaim
[CRITICAL] dqai            (QNS       ) - 93% used | Owner: mlanzerer
[CRITICAL] dqamci          (QNS       ) - 93% used | Owner: mlanzerer
[CRITICAL] dql             (QNS       ) - 95% used | Owner: aazran
[CRITICAL] tecorer         (QNS       ) - 95% used | Owner: hsajwan
[CRITICAL] tds             (QNS       ) - 95% used | Owner: hsajwan
[CRITICAL] eri             (TCB       ) - 95% used | Owner: hsajwan

Grouping by owner...
  lmustafa: 1 unit(s)
  arcohen: 2 unit(s)
  ynaim: 1 unit(s)
  mlanzerer: 2 unit(s)
  aazran: 1 unit(s)
  hsajwan: 3 unit(s)

Sending emails...
[EMAIL] Sent to lmustafa@nvidia.com (1 unit(s))
[EMAIL] Sent to arcohen@nvidia.com (2 unit(s))
[EMAIL] Sent to ynaim@nvidia.com (1 unit(s))
[EMAIL] Sent to mlanzerer@nvidia.com (2 unit(s))
[EMAIL] Sent to aazran@nvidia.com (1 unit(s))
[EMAIL] Sent to hsajwan@nvidia.com (3 unit(s))

================================================================================
SUMMARY:
  Central block release: 58% used [OK]
  Total units checked: 73
  Critical units (>=90%): 10
  Unique owners: 6
  Emails sent: 6 successful, 0 failed
  Execution time: 23.7 seconds
================================================================================
