================================================================================
AGUR Disk Usage Monitor - 2025-11-13 07:00:05
================================================================================
Checking central block release area: /home/agur_backend_blockRelease/
[CRITICAL] Central block release area: 97% used
[EMAIL] Central release alert sent to avice@nvidia.com

Checking 73 units...

[CRITICAL] pscc            (NDQ       ) - 90% used | Owner: dtraitelovic
[CRITICAL] dqamdi          (QNS       ) - 96% used | Owner: seeman
[CRITICAL] dqamdo          (QNS       ) - 93% used | Owner: abarman
[CRITICAL] dqavi           (QNS       ) - 93% used | Owner: abarman
[CRITICAL] dqs             (QNS       ) - 93% used | Owner: abarman
[CRITICAL] eds             (QNS       ) - 91% used | Owner: eelgabsi
[CRITICAL] qcorel          (QNS       ) - 92% used | Owner: ronil
[CRITICAL] qcorer          (QNS       ) - 92% used | Owner: ronil

Grouping by owner...
  dtraitelovic: 1 unit(s)
  seeman: 1 unit(s)
  abarman: 3 unit(s)
  eelgabsi: 1 unit(s)
  ronil: 2 unit(s)

Sending emails...
[EMAIL] Sent to dtraitelovic@nvidia.com (1 unit(s))
[EMAIL] Sent to seeman@nvidia.com (1 unit(s))
[EMAIL] Sent to abarman@nvidia.com (3 unit(s))
[EMAIL] Sent to eelgabsi@nvidia.com (1 unit(s))
[EMAIL] Sent to ronil@nvidia.com (2 unit(s))

================================================================================
SUMMARY:
  Central block release: 97% used [ALERT SENT]
  Total units checked: 73
  Critical units (>=90%): 8
  Unique owners: 5
  Emails sent: 6 successful, 0 failed
  Execution time: 55.4 seconds
================================================================================
