================================================================================
AGUR Disk Usage Monitor - 2025-12-15 07:00:05
================================================================================
Checking central block release area: /home/agur_backend_blockRelease/
[OK] Central block release area: 60% used (below threshold)

Checking 73 units...

[CRITICAL] fth             (CPORT     ) - 93% used | Owner: lmustafa
[CRITICAL] ccorea          (HPORT     ) - 94% used | Owner: arcohen
[CRITICAL] ccoreb          (HPORT     ) - 94% used | Owner: arcohen
[CRITICAL] nvrisc          (NDQ       ) - 91% used | Owner: ykatzav
[CRITICAL] dqaa            (QNS       ) - 95% used | Owner: siddharthasa
[CRITICAL] dqaci           (QNS       ) - 95% used | Owner: siddharthasa
[CRITICAL] dqamco          (QNS       ) - 95% used | Owner: siddharthasa
[CRITICAL] bta             (TCB       ) - 93% used | Owner: vliberchuk

Grouping by owner...
  lmustafa: 1 unit(s)
  arcohen: 2 unit(s)
  ykatzav: 1 unit(s)
  siddharthasa: 3 unit(s)
  vliberchuk: 1 unit(s)

Sending emails...
[EMAIL] Sent to lmustafa@nvidia.com (1 unit(s))
[EMAIL] Sent to arcohen@nvidia.com (2 unit(s))
[EMAIL] Sent to ykatzav@nvidia.com (1 unit(s))
[EMAIL] Sent to siddharthasa@nvidia.com (3 unit(s))
[EMAIL] Sent to vliberchuk@nvidia.com (1 unit(s))

================================================================================
SUMMARY:
  Central block release: 60% used [OK]
  Total units checked: 73
  Critical units (>=90%): 8
  Unique owners: 5
  Emails sent: 5 successful, 0 failed
  Execution time: 20.9 seconds
================================================================================
