================================================================================
AGUR Disk Usage Monitor - 2025-12-30 07:00:06
================================================================================
Checking central block release area: /home/agur_backend_blockRelease/
[OK] Central block release area: 67% used (below threshold)

Checking 73 units...

[CRITICAL] fwas            (NDQ       ) - 96% used | Owner: ronil
[CRITICAL] dqaa            (QNS       ) - 90% used | Owner: siddharthasa
[CRITICAL] dqamco          (QNS       ) - 90% used | Owner: siddharthasa
[CRITICAL] dqamdi          (QNS       ) - 93% used | Owner: seeman
[CRITICAL] dqap            (QNS       ) - 94% used | Owner: drazmizrahi

Grouping by owner...
  ronil: 1 unit(s)
  siddharthasa: 2 unit(s)
  seeman: 1 unit(s)
  drazmizrahi: 1 unit(s)

Building disk summaries and scanning for old workareas...
  Scanning /home/scratch.ronil_vlsi_1 for old workareas...
    -> No old workareas found (>30 days)
  Scanning /home/scratch.siddharthasa_vlsi for old workareas...
    -> No old workareas found (>30 days)
  Scanning /home/scratch.seeman_vlsi_1 for old workareas...
    -> Found 3 old workarea(s): 1.5T, 1.2T, 716G
  Scanning /home/scratch.drazmizrahi_vlsi_1 for old workareas...
    -> No old workareas found (>30 days)

Sending emails...
[EMAIL] Sent to ronil@nvidia.com (1 unit(s))
[EMAIL] Sent to siddharthasa@nvidia.com (2 unit(s))
[EMAIL] Sent to seeman@nvidia.com (1 unit(s))
[EMAIL] Sent to drazmizrahi@nvidia.com (1 unit(s))

================================================================================
SUMMARY:
  Central block release: 67% used [OK]
  Total units checked: 73
  Critical units (>=90%): 5
  Unique owners: 4
  Emails sent: 4 successful, 0 failed
  Execution time: 121.6 seconds
================================================================================
