================================================================================
AGUR Disk Usage Monitor - 2025-12-02 07:00:04
================================================================================
Checking central block release area: /home/agur_backend_blockRelease/
[OK] Central block release area: 58% used (below threshold)

Checking 73 units...

[CRITICAL] fth             (CPORT     ) - 93% used | Owner: lmustafa
[CRITICAL] clr             (NDQ       ) - 95% used | Owner: ayerushalmy
[CRITICAL] fthm            (NDQ       ) - 95% used | Owner: ayerushalmy
[CRITICAL] glc             (NDQ       ) - 90% used | Owner: ynaim
[CRITICAL] psca            (NDQ       ) - 90% used | Owner: nkahaz
[CRITICAL] pscb            (NDQ       ) - 90% used | Owner: nkahaz
[CRITICAL] ribs            (NDQ       ) - 90% used | Owner: ynaim
[CRITICAL] yu              (NDQ       ) - 95% used | Owner: ashahock
[CRITICAL] tecorer         (QNS       ) - 95% used | Owner: hsajwan
[CRITICAL] tds             (QNS       ) - 95% used | Owner: hsajwan
[CRITICAL] eri             (TCB       ) - 95% used | Owner: hsajwan

Grouping by owner...
  lmustafa: 1 unit(s)
  ayerushalmy: 2 unit(s)
  ynaim: 2 unit(s)
  nkahaz: 2 unit(s)
  ashahock: 1 unit(s)
  hsajwan: 3 unit(s)

Sending emails...
[EMAIL] Sent to lmustafa@nvidia.com (1 unit(s))
[EMAIL] Sent to ayerushalmy@nvidia.com (2 unit(s))
[EMAIL] Sent to ynaim@nvidia.com (2 unit(s))
[EMAIL] Sent to nkahaz@nvidia.com (2 unit(s))
[EMAIL] Sent to ashahock@nvidia.com (1 unit(s))
[EMAIL] Sent to hsajwan@nvidia.com (3 unit(s))

================================================================================
SUMMARY:
  Central block release: 58% used [OK]
  Total units checked: 73
  Critical units (>=90%): 11
  Unique owners: 6
  Emails sent: 6 successful, 0 failed
  Execution time: 23.0 seconds
================================================================================
