================================================================================
AGUR Disk Usage Monitor - 2025-12-18 07:00:11
================================================================================
Checking central block release area: /home/agur_backend_blockRelease/
[OK] Central block release area: 61% used (below threshold)

Checking 73 units...

[CRITICAL] fth             (CPORT     ) - 93% used | Owner: lmustafa
[CRITICAL] pmux            (CPORT     ) - 90% used | Owner: brachas
[CRITICAL] ccorea          (HPORT     ) - 95% used | Owner: arcohen
[CRITICAL] ccoreb          (HPORT     ) - 95% used | Owner: arcohen
[CRITICAL] ccorec          (HPORT     ) - 90% used | Owner: dkolesnikov
[CRITICAL] ccored          (HPORT     ) - 90% used | Owner: brachas
[CRITICAL] ccoref          (HPORT     ) - 90% used | Owner: brachas

Grouping by owner...
  lmustafa: 1 unit(s)
  brachas: 3 unit(s)
  arcohen: 2 unit(s)
  dkolesnikov: 1 unit(s)

Sending emails...
[EMAIL] Sent to lmustafa@nvidia.com (1 unit(s))
[EMAIL] Sent to brachas@nvidia.com (3 unit(s))
[EMAIL] Sent to arcohen@nvidia.com (2 unit(s))
[EMAIL] Sent to dkolesnikov@nvidia.com (1 unit(s))

================================================================================
SUMMARY:
  Central block release: 61% used [OK]
  Total units checked: 73
  Critical units (>=90%): 7
  Unique owners: 4
  Emails sent: 4 successful, 0 failed
  Execution time: 55.8 seconds
================================================================================
