================================================================================
AGUR Disk Usage Monitor - 2025-12-20 07:00:05
================================================================================
Checking central block release area: /home/agur_backend_blockRelease/
[OK] Central block release area: 61% used (below threshold)

Checking 73 units...

[CRITICAL] ccorea          (HPORT     ) - 100% used | Owner: arcohen
[CRITICAL] ccoreb          (HPORT     ) - 100% used | Owner: arcohen
[CRITICAL] ccorec          (HPORT     ) - 90% used | Owner: dkolesnikov
[CRITICAL] ccoree          (HPORT     ) - 94% used | Owner: ykatzav
[CRITICAL] cscore          (NDQ       ) - 91% used | Owner: ynaim
[CRITICAL] ftos            (NDQ       ) - 91% used | Owner: thadad
[CRITICAL] eds             (QNS       ) - 90% used | Owner: nwasserman

Grouping by owner...
  arcohen: 2 unit(s)
  dkolesnikov: 1 unit(s)
  ykatzav: 1 unit(s)
  ynaim: 1 unit(s)
  thadad: 1 unit(s)
  nwasserman: 1 unit(s)

Building disk summaries and scanning for old workareas...
  Scanning /home/scratch.arcohen_vlsi_1 for old workareas...
  Scanning /home/scratch.dkolesnikov_vlsi_1 for old workareas...
  Scanning /home/scratch.ykatzav_vlsi_1 for old workareas...
  Scanning /home/scratch.ynaim_vlsi for old workareas...
  Scanning /home/scratch.thadad_vlsi_1 for old workareas...
  Scanning /home/scratch.nwasserman_vlsi for old workareas...

Sending emails...
[EMAIL] Sent to arcohen@nvidia.com (2 unit(s))
[EMAIL] Sent to dkolesnikov@nvidia.com (1 unit(s))
[EMAIL] Sent to ykatzav@nvidia.com (1 unit(s))
[EMAIL] Sent to ynaim@nvidia.com (1 unit(s))
[EMAIL] Sent to thadad@nvidia.com (1 unit(s))
[EMAIL] Sent to nwasserman@nvidia.com (1 unit(s))

================================================================================
SUMMARY:
  Central block release: 61% used [OK]
  Total units checked: 73
  Critical units (>=90%): 7
  Unique owners: 6
  Emails sent: 6 successful, 0 failed
  Execution time: 29.5 seconds
================================================================================
