================================================================================
AGUR Disk Usage Monitor - 2025-11-30 07:00:04
================================================================================
Checking central block release area: /home/agur_backend_blockRelease/
[OK] Central block release area: 58% used (below threshold)

Checking 73 units...

[CRITICAL] fth             (CPORT     ) - 92% used | Owner: lmustafa
[CRITICAL] pscc            (NDQ       ) - 96% used | Owner: dtraitelovic
[CRITICAL] yu              (NDQ       ) - 91% used | Owner: ashahock
[CRITICAL] dqax            (QNS       ) - 91% used | Owner: hmendelovich
[CRITICAL] eds             (QNS       ) - 100% used | Owner: eelgabsi
[CRITICAL] tecorer         (QNS       ) - 99% used | Owner: hsajwan
[CRITICAL] tds             (QNS       ) - 99% used | Owner: hsajwan
[CRITICAL] eri             (TCB       ) - 99% used | Owner: hsajwan

Grouping by owner...
  lmustafa: 1 unit(s)
  dtraitelovic: 1 unit(s)
  ashahock: 1 unit(s)
  hmendelovich: 1 unit(s)
  eelgabsi: 1 unit(s)
  hsajwan: 3 unit(s)

Sending emails...
[EMAIL] Sent to lmustafa@nvidia.com (1 unit(s))
[EMAIL] Sent to dtraitelovic@nvidia.com (1 unit(s))
[EMAIL] Sent to ashahock@nvidia.com (1 unit(s))
[EMAIL] Sent to hmendelovich@nvidia.com (1 unit(s))
[EMAIL] Sent to eelgabsi@nvidia.com (1 unit(s))
[EMAIL] Sent to hsajwan@nvidia.com (3 unit(s))

================================================================================
SUMMARY:
  Central block release: 58% used [OK]
  Total units checked: 73
  Critical units (>=90%): 8
  Unique owners: 6
  Emails sent: 6 successful, 0 failed
  Execution time: 22.8 seconds
================================================================================
