================================================================================
AGUR Disk Usage Monitor - 2025-12-17 07:00:04
================================================================================
Checking central block release area: /home/agur_backend_blockRelease/
[OK] Central block release area: 60% used (below threshold)

Checking 73 units...

[CRITICAL] fth             (CPORT     ) - 93% used | Owner: lmustafa
[CRITICAL] ccorea          (HPORT     ) - 91% used | Owner: arcohen
[CRITICAL] ccoreb          (HPORT     ) - 91% used | Owner: arcohen
[CRITICAL] bta             (TCB       ) - 91% used | Owner: vliberchuk

Grouping by owner...
  lmustafa: 1 unit(s)
  arcohen: 2 unit(s)
  vliberchuk: 1 unit(s)

Sending emails...
[EMAIL] Sent to lmustafa@nvidia.com (1 unit(s))
[EMAIL] Sent to arcohen@nvidia.com (2 unit(s))
[EMAIL] Sent to vliberchuk@nvidia.com (1 unit(s))

================================================================================
SUMMARY:
  Central block release: 60% used [OK]
  Total units checked: 73
  Critical units (>=90%): 4
  Unique owners: 3
  Emails sent: 3 successful, 0 failed
  Execution time: 16.3 seconds
================================================================================
