================================================================================
AGUR Disk Usage Monitor - 2026-01-08 17:00:06
================================================================================
Checking shared infrastructure paths...
  AGUR Release Area: /home/agur_backend_blockRelease/
    [OK] 78% used (below 80%)
  PFNL Unit DB: /home/PFNL_Unit_DB/
    [OK] 10% used (below 80%)

Checking 73 units...

[CRITICAL] pscc            (NDQ       ) - 98% used | Owner: dtraitelovic
[CRITICAL] yu              (NDQ       ) - 90% used | Owner: ashahock
[CRITICAL] dqamdo          (QNS       ) - 98% used | Owner: abarman
[CRITICAL] dqap            (QNS       ) - 93% used | Owner: drazmizrahi
[CRITICAL] dqavi           (QNS       ) - 98% used | Owner: abarman
[CRITICAL] dqs             (QNS       ) - 98% used | Owner: abarman
[CRITICAL] eds             (QNS       ) - 90% used | Owner: nwasserman
[CRITICAL] bta             (TCB       ) - 90% used | Owner: vliberchuk

Grouping by owner...
  dtraitelovic: 1 unit(s)
  ashahock: 1 unit(s)
  abarman: 3 unit(s)
  drazmizrahi: 1 unit(s)
  nwasserman: 1 unit(s)
  vliberchuk: 1 unit(s)

Building disk summaries and scanning for old workareas...
  Scanning /home/scratch.dtraitelovic_vlsi_1 for old workareas...
    -> Found 1 old workarea(s): 18G
  Scanning /home/scratch.ashahock_vlsi for old workareas...
    -> Found 1 old workarea(s): 18G
  Scanning /home/scratch.abarman_vlsi_2 for old workareas...
    -> No old workareas found (>30 days)
  Scanning /home/scratch.drazmizrahi_vlsi_1 for old workareas...
    -> No old workareas found (>30 days)
  Scanning /home/scratch.nwasserman_vlsi for old workareas...
    -> No old workareas found (>30 days)
  Scanning /home/scratch.vliberchuk_vlsi_1 for old workareas...
    -> No old workareas found (>30 days)

Sending emails...
[EMAIL] Sent to dtraitelovic@nvidia.com (1 unit(s))
[EMAIL] Sent to ashahock@nvidia.com (1 unit(s))
[EMAIL] Sent to abarman@nvidia.com (3 unit(s))
[EMAIL] Sent to drazmizrahi@nvidia.com (1 unit(s))
[EMAIL] Sent to nwasserman@nvidia.com (1 unit(s))
[EMAIL] Sent to vliberchuk@nvidia.com (1 unit(s))

================================================================================
SUMMARY:
  Shared Infrastructure:
    AGUR Release Area: 78% [OK]
    PFNL Unit DB: 10% [OK]
  Total units checked: 73
  Critical units (>=90%): 8
  Unique owners: 6
  Emails sent: 6 successful, 0 failed
  Execution time: 48.6 seconds
================================================================================
