================================================================================
AGUR Disk Usage Monitor - 2025-11-03 08:00:10
================================================================================
Checking 72 units...

[CRITICAL] ccorea          (HPORT     ) - 93% used | Owner: arcohen
[CRITICAL] ccoreb          (HPORT     ) - 93% used | Owner: arcohen
[CRITICAL] cscore          (NDQ       ) - 95% used | Owner: ynaim
[CRITICAL] glc             (NDQ       ) - 95% used | Owner: ynaim
[CRITICAL] psca            (NDQ       ) - 91% used | Owner: nkahaz
[CRITICAL] pscb            (NDQ       ) - 91% used | Owner: nkahaz
[CRITICAL] ribs            (NDQ       ) - 95% used | Owner: ynaim
[CRITICAL] dqaa            (QNS       ) - 92% used | Owner: siddharthasa
[CRITICAL] dqaci           (QNS       ) - 92% used | Owner: siddharthasa
[CRITICAL] dqamco          (QNS       ) - 92% used | Owner: siddharthasa
[CRITICAL] dqavo           (QNS       ) - 95% used | Owner: gnarla
[CRITICAL] eds             (QNS       ) - 92% used | Owner: eelgabsi
[CRITICAL] tecorel         (QNS       ) - 95% used | Owner: gnarla
[CRITICAL] bta             (TCB       ) - 97% used | Owner: vliberchuk

Grouping by owner...
  arcohen: 2 unit(s)
  ynaim: 3 unit(s)
  nkahaz: 2 unit(s)
  siddharthasa: 3 unit(s)
  gnarla: 2 unit(s)
  eelgabsi: 1 unit(s)
  vliberchuk: 1 unit(s)

Sending emails...
[EMAIL] Sent to arcohen@nvidia.com (2 unit(s))
[EMAIL] Sent to ynaim@nvidia.com (3 unit(s))
[EMAIL] Sent to nkahaz@nvidia.com (2 unit(s))
[EMAIL] Sent to siddharthasa@nvidia.com (3 unit(s))
[EMAIL] Sent to gnarla@nvidia.com (2 unit(s))
[EMAIL] Sent to eelgabsi@nvidia.com (1 unit(s))
[EMAIL] Sent to vliberchuk@nvidia.com (1 unit(s))

================================================================================
SUMMARY:
  Total units checked: 72
  Critical units (>=90%): 14
  Unique owners: 7
  Emails sent: 7 successful, 0 failed
  Execution time: 102.4 seconds
================================================================================
