================================================================================
AGUR Disk Usage Monitor - 2025-12-26 07:00:05
================================================================================
Checking central block release area: /home/agur_backend_blockRelease/
[OK] Central block release area: 65% used (below threshold)

Checking 73 units...

[CRITICAL] ccorea          (HPORT     ) - 99% used | Owner: arcohen
[CRITICAL] ccoreb          (HPORT     ) - 99% used | Owner: arcohen
[CRITICAL] ccoree          (HPORT     ) - 94% used | Owner: ykatzav
[CRITICAL] fwas            (NDQ       ) - 95% used | Owner: ronil
[CRITICAL] sma             (NDQ       ) - 90% used | Owner: shlomoc
[CRITICAL] dqaa            (QNS       ) - 96% used | Owner: siddharthasa
[CRITICAL] dqamco          (QNS       ) - 96% used | Owner: siddharthasa

Grouping by owner...
  arcohen: 2 unit(s)
  ykatzav: 1 unit(s)
  ronil: 1 unit(s)
  shlomoc: 1 unit(s)
  siddharthasa: 2 unit(s)

Building disk summaries and scanning for old workareas...
  Scanning /home/scratch.arcohen_vlsi_1 for old workareas...
    -> No old workareas found (>40 days)
  Scanning /home/scratch.ykatzav_vlsi_1 for old workareas...
    -> No old workareas found (>40 days)
  Scanning /home/scratch.ronil_vlsi_1 for old workareas...
    -> No old workareas found (>40 days)
  Scanning /home/scratch.shlomoc_vlsi for old workareas...
    -> Found 2 old workarea(s): >100G, >100G
  Scanning /home/scratch.siddharthasa_vlsi for old workareas...
    -> No old workareas found (>40 days)

Sending emails...
[EMAIL] Sent to arcohen@nvidia.com (2 unit(s))
[EMAIL] Sent to ykatzav@nvidia.com (1 unit(s))
[EMAIL] Sent to ronil@nvidia.com (1 unit(s))
[EMAIL] Sent to shlomoc@nvidia.com (1 unit(s))
[EMAIL] Sent to siddharthasa@nvidia.com (2 unit(s))

================================================================================
SUMMARY:
  Central block release: 65% used [OK]
  Total units checked: 73
  Critical units (>=90%): 7
  Unique owners: 5
  Emails sent: 5 successful, 0 failed
  Execution time: 92.3 seconds
================================================================================
