================================================================================
AGUR Disk Usage Monitor - 2025-11-19 07:00:04
================================================================================
Checking central block release area: /home/agur_backend_blockRelease/
[OK] Central block release area: 52% used (below threshold)

Checking 73 units...

[CRITICAL] pscc            (NDQ       ) - 98% used | Owner: dtraitelovic
[CRITICAL] dqamdo          (QNS       ) - 90% used | Owner: abarman
[CRITICAL] dqavi           (QNS       ) - 90% used | Owner: abarman
[CRITICAL] dqs             (QNS       ) - 90% used | Owner: abarman
[CRITICAL] qcorer          (QNS       ) - 93% used | Owner: ronil

Grouping by owner...
  dtraitelovic: 1 unit(s)
  abarman: 3 unit(s)
  ronil: 1 unit(s)

Sending emails...
[EMAIL] Sent to dtraitelovic@nvidia.com (1 unit(s))
[EMAIL] Sent to abarman@nvidia.com (3 unit(s))
[EMAIL] Sent to ronil@nvidia.com (1 unit(s))

================================================================================
SUMMARY:
  Central block release: 52% used [OK]
  Total units checked: 73
  Critical units (>=90%): 5
  Unique owners: 3
  Emails sent: 3 successful, 0 failed
  Execution time: 32.7 seconds
================================================================================
