================================================================================
AGUR Disk Usage Monitor - 2025-11-05 07:00:06
================================================================================
Checking 73 units...

[CRITICAL] ccorea          (HPORT     ) - 94% used | Owner: arcohen
[CRITICAL] ccoreb          (HPORT     ) - 94% used | Owner: arcohen
[CRITICAL] psca            (NDQ       ) - 100% used | Owner: nkahaz
[CRITICAL] pscb            (NDQ       ) - 100% used | Owner: nkahaz
[CRITICAL] bta             (TCB       ) - 91% used | Owner: vliberchuk

Grouping by owner...
  arcohen: 2 unit(s)
  nkahaz: 2 unit(s)
  vliberchuk: 1 unit(s)

Sending emails...
[EMAIL] Sent to arcohen@nvidia.com (2 unit(s))
[EMAIL] Sent to nkahaz@nvidia.com (2 unit(s))
[EMAIL] Sent to vliberchuk@nvidia.com (1 unit(s))

================================================================================
SUMMARY:
  Total units checked: 73
  Critical units (>=90%): 5
  Unique owners: 3
  Emails sent: 3 successful, 0 failed
  Execution time: 31.6 seconds
================================================================================
