================================================================================
AGUR Disk Usage Monitor - 2026-01-06 17:00:09
================================================================================
Checking shared infrastructure paths...
  AGUR Release Area: /home/agur_backend_blockRelease/
    [OK] 73% used (below 80%)
  PFNL Unit DB: /home/PFNL_Unit_DB/
    [OK] 8% used (below 80%)

Checking 73 units...

[CRITICAL] pscc            (NDQ       ) - 90% used | Owner: dtraitelovic
[CRITICAL] dqaa            (QNS       ) - 98% used | Owner: siddharthasa
[CRITICAL] dqamco          (QNS       ) - 98% used | Owner: siddharthasa
[CRITICAL] dqamdo          (QNS       ) - 95% used | Owner: abarman
[CRITICAL] dqavi           (QNS       ) - 95% used | Owner: abarman
[CRITICAL] dqs             (QNS       ) - 95% used | Owner: abarman

Grouping by owner...
  dtraitelovic: 1 unit(s)
  siddharthasa: 2 unit(s)
  abarman: 3 unit(s)

Building disk summaries and scanning for old workareas...
  Scanning /home/scratch.dtraitelovic_vlsi_1 for old workareas...
    -> Found 1 old workarea(s): 18G
  Scanning /home/scratch.siddharthasa_vlsi for old workareas...
    -> Found 2 old workarea(s): 538G, 472G
  Scanning /home/scratch.abarman_vlsi_2 for old workareas...
    -> No old workareas found (>30 days)

Sending emails...
[EMAIL] Sent to dtraitelovic@nvidia.com (1 unit(s))
[EMAIL] Sent to siddharthasa@nvidia.com (2 unit(s))
[EMAIL] Sent to abarman@nvidia.com (3 unit(s))

================================================================================
SUMMARY:
  Shared Infrastructure:
    AGUR Release Area: 73% [OK]
    PFNL Unit DB: 8% [OK]
  Total units checked: 73
  Critical units (>=90%): 6
  Unique owners: 3
  Emails sent: 3 successful, 0 failed
  Execution time: 68.0 seconds
================================================================================
