================================================================================
AGUR Disk Usage Monitor - 2026-01-10 17:00:05
================================================================================
Checking shared infrastructure paths...
  AGUR Release Area: /home/agur_backend_blockRelease/
    [OK] 79% used (below 80%)
  PFNL Unit DB: /home/PFNL_Unit_DB/
    [OK] 10% used (below 80%)

Checking 73 units...

[CRITICAL] cscore          (NDQ       ) - 92% used | Owner: ynaim
[CRITICAL] dcmp            (NDQ       ) - 100% used | Owner: aazran
[CRITICAL] glc             (NDQ       ) - 92% used | Owner: ynaim
[CRITICAL] pscc            (NDQ       ) - 92% used | Owner: dtraitelovic
[CRITICAL] yu              (NDQ       ) - 90% used | Owner: ashahock
[CRITICAL] dqamdo          (QNS       ) - 96% used | Owner: abarman
[CRITICAL] dqap            (QNS       ) - 100% used | Owner: drazmizrahi
[CRITICAL] dqavi           (QNS       ) - 96% used | Owner: abarman
[CRITICAL] dql             (QNS       ) - 100% used | Owner: aazran
[CRITICAL] dqs             (QNS       ) - 96% used | Owner: abarman

Grouping by owner...
  ynaim: 2 unit(s)
  aazran: 2 unit(s)
  dtraitelovic: 1 unit(s)
  ashahock: 1 unit(s)
  abarman: 3 unit(s)
  drazmizrahi: 1 unit(s)

Building disk summaries and scanning for old workareas...
  Scanning /home/scratch.ynaim_vlsi_1 for old workareas...
    -> Found 3 old workarea(s): 969G, 189G, 186M
  Scanning /home/scratch.aazran_vlsi for old workareas...
    -> No old workareas found (>30 days)
  Scanning /home/scratch.dtraitelovic_vlsi_1 for old workareas...
    -> Found 2 old workarea(s): 924G, 18G
  Scanning /home/scratch.ashahock_vlsi for old workareas...
    -> Found 1 old workarea(s): 18G
  Scanning /home/scratch.abarman_vlsi_2 for old workareas...
    -> No old workareas found (>30 days)
  Scanning /home/scratch.drazmizrahi_vlsi_1 for old workareas...
    -> No old workareas found (>30 days)

Sending emails...
[EMAIL] Sent to ynaim@nvidia.com (2 unit(s))
[EMAIL] Sent to aazran@nvidia.com (2 unit(s))
[EMAIL] Sent to dtraitelovic@nvidia.com (1 unit(s))
[EMAIL] Sent to ashahock@nvidia.com (1 unit(s))
[EMAIL] Sent to abarman@nvidia.com (3 unit(s))
[EMAIL] Sent to drazmizrahi@nvidia.com (1 unit(s))

================================================================================
SUMMARY:
  Shared Infrastructure:
    AGUR Release Area: 79% [OK]
    PFNL Unit DB: 10% [OK]
  Total units checked: 73
  Critical units (>=90%): 10
  Unique owners: 6
  Emails sent: 6 successful, 0 failed
  Execution time: 145.7 seconds
================================================================================
