================================================================================
AGUR Disk Usage Monitor - 2025-11-28 07:00:06
================================================================================
Checking central block release area: /home/agur_backend_blockRelease/
[OK] Central block release area: 57% used (below threshold)

Checking 73 units...

[CRITICAL] pscc            (NDQ       ) - 96% used | Owner: dtraitelovic
[CRITICAL] yu              (NDQ       ) - 91% used | Owner: ashahock
[CRITICAL] dqavi           (QNS       ) - 96% used | Owner: abarman
[CRITICAL] dqs             (QNS       ) - 96% used | Owner: abarman
[CRITICAL] eds             (QNS       ) - 100% used | Owner: eelgabsi
[CRITICAL] tecorer         (QNS       ) - 96% used | Owner: hsajwan
[CRITICAL] tds             (QNS       ) - 96% used | Owner: hsajwan
[CRITICAL] eri             (TCB       ) - 96% used | Owner: hsajwan

Grouping by owner...
  dtraitelovic: 1 unit(s)
  ashahock: 1 unit(s)
  abarman: 2 unit(s)
  eelgabsi: 1 unit(s)
  hsajwan: 3 unit(s)

Sending emails...
[EMAIL] Sent to dtraitelovic@nvidia.com (1 unit(s))
[EMAIL] Sent to ashahock@nvidia.com (1 unit(s))
[EMAIL] Sent to abarman@nvidia.com (2 unit(s))
[EMAIL] Sent to eelgabsi@nvidia.com (1 unit(s))
[EMAIL] Sent to hsajwan@nvidia.com (3 unit(s))

================================================================================
SUMMARY:
  Central block release: 57% used [OK]
  Total units checked: 73
  Critical units (>=90%): 8
  Unique owners: 5
  Emails sent: 5 successful, 0 failed
  Execution time: 57.3 seconds
================================================================================
