================================================================================
AGUR Disk Usage Monitor - 2025-12-19 07:00:06
================================================================================
Checking central block release area: /home/agur_backend_blockRelease/
[OK] Central block release area: 61% used (below threshold)

Checking 73 units...

[CRITICAL] ccorea          (HPORT     ) - 90% used | Owner: arcohen
[CRITICAL] ccoreb          (HPORT     ) - 90% used | Owner: arcohen
[CRITICAL] ccorec          (HPORT     ) - 90% used | Owner: dkolesnikov
[CRITICAL] tecorer         (QNS       ) - 92% used | Owner: hsajwan
[CRITICAL] tds             (QNS       ) - 92% used | Owner: hsajwan
[CRITICAL] eri             (TCB       ) - 92% used | Owner: hsajwan

Grouping by owner...
  arcohen: 2 unit(s)
  dkolesnikov: 1 unit(s)
  hsajwan: 3 unit(s)

Building disk summaries and scanning for old workareas...
  Scanning /home/scratch.arcohen_vlsi_1 for old workareas...
  Scanning /home/scratch.dkolesnikov_vlsi_1 for old workareas...
  Scanning /home/scratch.hsajwan_vlsi for old workareas...

Sending emails...
[EMAIL] Sent to arcohen@nvidia.com (2 unit(s))
[EMAIL] Sent to dkolesnikov@nvidia.com (1 unit(s))
[EMAIL] Sent to hsajwan@nvidia.com (3 unit(s))

================================================================================
SUMMARY:
  Central block release: 61% used [OK]
  Total units checked: 73
  Critical units (>=90%): 6
  Unique owners: 3
  Emails sent: 3 successful, 0 failed
  Execution time: 46.3 seconds
================================================================================
