================================================================================
AGUR Disk Usage Monitor - 2025-12-09 07:00:06
================================================================================
Checking central block release area: /home/agur_backend_blockRelease/
[OK] Central block release area: 58% used (below threshold)

Checking 73 units...

[CRITICAL] fth             (CPORT     ) - 93% used | Owner: lmustafa
[CRITICAL] ccorea          (HPORT     ) - 91% used | Owner: arcohen
[CRITICAL] ccoreb          (HPORT     ) - 91% used | Owner: arcohen
[CRITICAL] cscore          (NDQ       ) - 91% used | Owner: ynaim
[CRITICAL] dqaco           (QNS       ) - 93% used | Owner: gnarla
[CRITICAL] dqavo           (QNS       ) - 93% used | Owner: gnarla
[CRITICAL] dql             (QNS       ) - 98% used | Owner: aazran
[CRITICAL] tecorer         (QNS       ) - 95% used | Owner: hsajwan
[CRITICAL] tds             (QNS       ) - 95% used | Owner: hsajwan
[CRITICAL] bta             (TCB       ) - 93% used | Owner: vliberchuk
[CRITICAL] eri             (TCB       ) - 95% used | Owner: hsajwan

Grouping by owner...
  lmustafa: 1 unit(s)
  arcohen: 2 unit(s)
  ynaim: 1 unit(s)
  gnarla: 2 unit(s)
  aazran: 1 unit(s)
  hsajwan: 3 unit(s)
  vliberchuk: 1 unit(s)

Sending emails...
[EMAIL] Sent to lmustafa@nvidia.com (1 unit(s))
[EMAIL] Sent to arcohen@nvidia.com (2 unit(s))
[EMAIL] Sent to ynaim@nvidia.com (1 unit(s))
[EMAIL] Sent to gnarla@nvidia.com (2 unit(s))
[EMAIL] Sent to aazran@nvidia.com (1 unit(s))
[EMAIL] Sent to hsajwan@nvidia.com (3 unit(s))
[EMAIL] Sent to vliberchuk@nvidia.com (1 unit(s))

================================================================================
SUMMARY:
  Central block release: 58% used [OK]
  Total units checked: 73
  Critical units (>=90%): 11
  Unique owners: 7
  Emails sent: 7 successful, 0 failed
  Execution time: 26.8 seconds
================================================================================
