================================================================================
AGUR Disk Usage Monitor - 2025-11-23 07:00:04
================================================================================
Checking central block release area: /home/agur_backend_blockRelease/
[OK] Central block release area: 54% used (below threshold)

Checking 73 units...

[CRITICAL] cscore          (NDQ       ) - 91% used | Owner: ynaim
[CRITICAL] glc             (NDQ       ) - 93% used | Owner: ynaim
[CRITICAL] ribs            (NDQ       ) - 93% used | Owner: ynaim
[CRITICAL] dqamdo          (QNS       ) - 91% used | Owner: abarman
[CRITICAL] dqavi           (QNS       ) - 91% used | Owner: abarman
[CRITICAL] dql             (QNS       ) - 91% used | Owner: aazran
[CRITICAL] dqs             (QNS       ) - 91% used | Owner: abarman
[CRITICAL] eds             (QNS       ) - 95% used | Owner: eelgabsi
[CRITICAL] qcorer          (QNS       ) - 94% used | Owner: ronil

Grouping by owner...
  ynaim: 3 unit(s)
  abarman: 3 unit(s)
  aazran: 1 unit(s)
  eelgabsi: 1 unit(s)
  ronil: 1 unit(s)

Sending emails...
[EMAIL] Sent to ynaim@nvidia.com (3 unit(s))
[EMAIL] Sent to abarman@nvidia.com (3 unit(s))
[EMAIL] Sent to aazran@nvidia.com (1 unit(s))
[EMAIL] Sent to eelgabsi@nvidia.com (1 unit(s))
[EMAIL] Sent to ronil@nvidia.com (1 unit(s))

================================================================================
SUMMARY:
  Central block release: 54% used [OK]
  Total units checked: 73
  Critical units (>=90%): 9
  Unique owners: 5
  Emails sent: 5 successful, 0 failed
  Execution time: 21.0 seconds
================================================================================
