================================================================================
AGUR Disk Usage Monitor - 2025-12-01 07:00:04
================================================================================
Checking central block release area: /home/agur_backend_blockRelease/
[OK] Central block release area: 58% used (below threshold)

Checking 73 units...

[CRITICAL] fth             (CPORT     ) - 93% used | Owner: lmustafa
[CRITICAL] clr             (NDQ       ) - 90% used | Owner: ayerushalmy
[CRITICAL] fthm            (NDQ       ) - 90% used | Owner: ayerushalmy
[CRITICAL] glc             (NDQ       ) - 90% used | Owner: ynaim
[CRITICAL] pscc            (NDQ       ) - 99% used | Owner: dtraitelovic
[CRITICAL] ribs            (NDQ       ) - 90% used | Owner: ynaim
[CRITICAL] yu              (NDQ       ) - 98% used | Owner: ashahock
[CRITICAL] dqaco           (QNS       ) - 93% used | Owner: gnarla
[CRITICAL] dqavo           (QNS       ) - 93% used | Owner: gnarla
[CRITICAL] eds             (QNS       ) - 100% used | Owner: eelgabsi
[CRITICAL] tecorer         (QNS       ) - 100% used | Owner: hsajwan
[CRITICAL] tds             (QNS       ) - 100% used | Owner: hsajwan
[CRITICAL] eri             (TCB       ) - 100% used | Owner: hsajwan

Grouping by owner...
  lmustafa: 1 unit(s)
  ayerushalmy: 2 unit(s)
  ynaim: 2 unit(s)
  dtraitelovic: 1 unit(s)
  ashahock: 1 unit(s)
  gnarla: 2 unit(s)
  eelgabsi: 1 unit(s)
  hsajwan: 3 unit(s)

Sending emails...
[EMAIL] Sent to lmustafa@nvidia.com (1 unit(s))
[EMAIL] Sent to ayerushalmy@nvidia.com (2 unit(s))
[EMAIL] Sent to ynaim@nvidia.com (2 unit(s))
[EMAIL] Sent to dtraitelovic@nvidia.com (1 unit(s))
[EMAIL] Sent to ashahock@nvidia.com (1 unit(s))
[EMAIL] Sent to gnarla@nvidia.com (2 unit(s))
[EMAIL] Sent to eelgabsi@nvidia.com (1 unit(s))
[EMAIL] Sent to hsajwan@nvidia.com (3 unit(s))

================================================================================
SUMMARY:
  Central block release: 58% used [OK]
  Total units checked: 73
  Critical units (>=90%): 13
  Unique owners: 8
  Emails sent: 8 successful, 0 failed
  Execution time: 28.4 seconds
================================================================================
