================================================================================
AGUR Disk Usage Monitor - 2025-12-06 07:00:05
================================================================================
Checking central block release area: /home/agur_backend_blockRelease/
[OK] Central block release area: 58% used (below threshold)

Checking 73 units...

[CRITICAL] fth             (CPORT     ) - 93% used | Owner: lmustafa
[CRITICAL] dql             (QNS       ) - 100% used | Owner: aazran
[CRITICAL] tecorer         (QNS       ) - 95% used | Owner: hsajwan
[CRITICAL] tds             (QNS       ) - 95% used | Owner: hsajwan
[CRITICAL] eri             (TCB       ) - 95% used | Owner: hsajwan

Grouping by owner...
  lmustafa: 1 unit(s)
  aazran: 1 unit(s)
  hsajwan: 3 unit(s)

Sending emails...
[EMAIL] Sent to lmustafa@nvidia.com (1 unit(s))
[EMAIL] Sent to aazran@nvidia.com (1 unit(s))
[EMAIL] Sent to hsajwan@nvidia.com (3 unit(s))

================================================================================
SUMMARY:
  Central block release: 58% used [OK]
  Total units checked: 73
  Critical units (>=90%): 5
  Unique owners: 3
  Emails sent: 3 successful, 0 failed
  Execution time: 16.9 seconds
================================================================================
