================================================================================
AGUR Disk Usage Monitor - 2025-11-26 07:00:07
================================================================================
Checking central block release area: /home/agur_backend_blockRelease/
[OK] Central block release area: 55% used (below threshold)

Checking 73 units...

[CRITICAL] psca            (NDQ       ) - 90% used | Owner: nkahaz
[CRITICAL] pscc            (NDQ       ) - 96% used | Owner: dtraitelovic
[CRITICAL] dqaa            (QNS       ) - 91% used | Owner: siddharthasa
[CRITICAL] dqaci           (QNS       ) - 91% used | Owner: siddharthasa
[CRITICAL] dqai            (QNS       ) - 98% used | Owner: mlanzerer
[CRITICAL] dqamci          (QNS       ) - 98% used | Owner: mlanzerer
[CRITICAL] dqamco          (QNS       ) - 91% used | Owner: siddharthasa
[CRITICAL] dqavi           (QNS       ) - 91% used | Owner: abarman
[CRITICAL] dqs             (QNS       ) - 91% used | Owner: abarman
[CRITICAL] eds             (QNS       ) - 93% used | Owner: eelgabsi

Grouping by owner...
  nkahaz: 1 unit(s)
  dtraitelovic: 1 unit(s)
  siddharthasa: 3 unit(s)
  mlanzerer: 2 unit(s)
  abarman: 2 unit(s)
  eelgabsi: 1 unit(s)

Sending emails...
[EMAIL] Sent to nkahaz@nvidia.com (1 unit(s))
[EMAIL] Sent to dtraitelovic@nvidia.com (1 unit(s))
[EMAIL] Sent to siddharthasa@nvidia.com (3 unit(s))
[EMAIL] Sent to mlanzerer@nvidia.com (2 unit(s))
[EMAIL] Sent to abarman@nvidia.com (2 unit(s))
[EMAIL] Sent to eelgabsi@nvidia.com (1 unit(s))

================================================================================
SUMMARY:
  Central block release: 55% used [OK]
  Total units checked: 73
  Critical units (>=90%): 10
  Unique owners: 6
  Emails sent: 6 successful, 0 failed
  Execution time: 71.0 seconds
================================================================================
